<?xml version="1.0" encoding="UTF-8"?>
<!-- Generated by org.testng.reporters.JUnitXMLReporter -->
<testsuite ignored="0" hostname="ILD-PUN-LAP-227" failures="1" tests="5" name="Test" time="352.584" errors="0" timestamp="25 Apr 2024 15:16:44 GMT">
  <testcase classname="beakAIOps.ScriptModuleTestCases.TC01VerifyLoginFunctinality" name="loginFunctionalityCheck" time="43.343"/>
  <testcase classname="beakAIOps.ScriptModuleTestCases.TC02CreateGlobalLevelScript" name="createGlobalLevelScript" time="50.744"/>
  <testcase classname="beakAIOps.ScriptModuleTestCases.TC03EditGlobalLevelScript" name="EditGlobalLevelScript" time="46.466"/>
  <testcase classname="beakAIOps.ScriptModuleTestCases.TC04DeactivateGlobalLevalScript" name="DeactivateGlobalLevelScript" time="53.412"/>
  <testcase classname="beakAIOps.ScriptModuleTestCases.TC05ReactivateGlobalLevelScript" name="ReactivateGlobalLevelScript" time="34.002">
    <failure type="org.openqa.selenium.StaleElementReferenceException" message="stale element reference: stale element not found in the current frame
  (Session info: chrome=124.0.6367.78)
For documentation on this error, please visit: https://www.selenium.dev/documentation/webdriver/troubleshooting/errors#stale-element-reference-exception
Build info: version: &amp;apos;4.18.1&amp;apos;, revision: &amp;apos;b1d3319b48&amp;apos;
System info: os.name: &amp;apos;Windows 11&amp;apos;, os.arch: &amp;apos;amd64&amp;apos;, os.version: &amp;apos;10.0&amp;apos;, java.version: &amp;apos;17.0.10&amp;apos;
Driver info: org.openqa.selenium.chrome.ChromeDriver
Command: [23e3ec09a2cf670ba859226079a39c6b, clickElement {id=f.16842274514EB3C5531A9D23EE53F74B.d.EDEAD3678A96B572D7C67C486EF489B1.e.12650}]
Capabilities {acceptInsecureCerts: false, browserName: chrome, browserVersion: 124.0.6367.78, chrome: {chromedriverVersion: 123.0.6312.58 (6b4b19e9dfbb..., userDataDir: C:\Users\Maxi\AppData\Local...}, fedcm:accounts: true, goog:chromeOptions: {debuggerAddress: localhost:61287}, networkConnectionEnabled: false, pageLoadStrategy: normal, platformName: windows, proxy: Proxy(), se:cdp: ws://localhost:61287/devtoo..., se:cdpVersion: 124.0.6367.78, setWindowRect: true, strictFileInteractability: false, timeouts: {implicit: 0, pageLoad: 300000, script: 30000}, unhandledPromptBehavior: dismiss and notify, webauthn:extension:credBlob: true, webauthn:extension:largeBlob: true, webauthn:extension:minPinLength: true, webauthn:extension:prf: true, webauthn:virtualAuthenticators: true}
Element: [[ChromeDriver: chrome on windows (23e3ec09a2cf670ba859226079a39c6b)] -&amp;gt; xpath: /html[1]/body[1]/div[2]/div[1]/div[1]/div[1]/div[1]/div[1]/div[1]/div[2]/div[1]/div[1]/div[1]/div[1]/button[1]]
Session ID: 23e3ec09a2cf670ba859226079a39c6b">
      <![CDATA[org.openqa.selenium.StaleElementReferenceException: stale element reference: stale element not found in the current frame
  (Session info: chrome=124.0.6367.78)
For documentation on this error, please visit: https://www.selenium.dev/documentation/webdriver/troubleshooting/errors#stale-element-reference-exception
Build info: version: '4.18.1', revision: 'b1d3319b48'
System info: os.name: 'Windows 11', os.arch: 'amd64', os.version: '10.0', java.version: '17.0.10'
Driver info: org.openqa.selenium.chrome.ChromeDriver
Command: [23e3ec09a2cf670ba859226079a39c6b, clickElement {id=f.16842274514EB3C5531A9D23EE53F74B.d.EDEAD3678A96B572D7C67C486EF489B1.e.12650}]
Capabilities {acceptInsecureCerts: false, browserName: chrome, browserVersion: 124.0.6367.78, chrome: {chromedriverVersion: 123.0.6312.58 (6b4b19e9dfbb..., userDataDir: C:\Users\Maxi\AppData\Local...}, fedcm:accounts: true, goog:chromeOptions: {debuggerAddress: localhost:61287}, networkConnectionEnabled: false, pageLoadStrategy: normal, platformName: windows, proxy: Proxy(), se:cdp: ws://localhost:61287/devtoo..., se:cdpVersion: 124.0.6367.78, setWindowRect: true, strictFileInteractability: false, timeouts: {implicit: 0, pageLoad: 300000, script: 30000}, unhandledPromptBehavior: dismiss and notify, webauthn:extension:credBlob: true, webauthn:extension:largeBlob: true, webauthn:extension:minPinLength: true, webauthn:extension:prf: true, webauthn:virtualAuthenticators: true}
Element: [[ChromeDriver: chrome on windows (23e3ec09a2cf670ba859226079a39c6b)] -> xpath: /html[1]/body[1]/div[2]/div[1]/div[1]/div[1]/div[1]/div[1]/div[1]/div[2]/div[1]/div[1]/div[1]/div[1]/button[1]]
Session ID: 23e3ec09a2cf670ba859226079a39c6b
	at org.openqa.selenium.remote.ErrorCodec.decode(ErrorCodec.java:167)
	at org.openqa.selenium.remote.codec.w3c.W3CHttpResponseCodec.decode(W3CHttpResponseCodec.java:138)
	at org.openqa.selenium.remote.codec.w3c.W3CHttpResponseCodec.decode(W3CHttpResponseCodec.java:50)
	at org.openqa.selenium.remote.HttpCommandExecutor.execute(HttpCommandExecutor.java:190)
	at org.openqa.selenium.remote.service.DriverCommandExecutor.invokeExecute(DriverCommandExecutor.java:216)
	at org.openqa.selenium.remote.service.DriverCommandExecutor.execute(DriverCommandExecutor.java:174)
	at org.openqa.selenium.remote.RemoteWebDriver.execute(RemoteWebDriver.java:519)
	at org.openqa.selenium.remote.RemoteWebElement.execute(RemoteWebElement.java:223)
	at org.openqa.selenium.remote.RemoteWebElement.click(RemoteWebElement.java:76)
	at beakAIOps.TestingPOM.ReactivateGlobalLevelScriptPOMClass.enterTheScriptNameToFilterOut(ReactivateGlobalLevelScriptPOMClass.java:81)
	at beakAIOps.ScriptModuleTestCases.TC05ReactivateGlobalLevelScript.ReactivateGlobalLevelScript(TC05ReactivateGlobalLevelScript.java:31)
... Removed 30 stack frames]]>
    </failure>
  </testcase> <!-- ReactivateGlobalLevelScript -->
</testsuite> <!-- Test -->
