<?xml version="1.0" encoding="UTF-8"?>
<!-- Generated by org.testng.reporters.JUnitXMLReporter -->
<testsuite ignored="0" hostname="ILD-PUN-LAP-227" failures="0" tests="4" name="Test" time="265.803" errors="0" timestamp="12 Apr 2024 12:53:52 GMT">
  <testcase classname="testCases.TC01LoginFunctinality" name="loginfunctianlity" time="18.335"/>
  <testcase classname="testCases.TC02CreateGlobalLevelScript" name="CreateGlobalScript" time="49.339"/>
  <testcase classname="testCases.TC03DeactivatetheGlobalLevalScript" name="DeactivateGlobalLevelScript" time="43.842"/>
  <testcase classname="testCases.TC05EditGlobalLevelScript" name="EditGlobalLevelScript" time="40.866"/>
</testsuite> <!-- Test -->
