<?xml version="1.0" encoding="UTF-8"?>
<testng-results ignored="0" total="1" passed="1" failed="0" skipped="0">
  <reporter-output>
  </reporter-output>
  <suite started-at="2024-05-03T11:05:56 IST" name="Default suite" finished-at="2024-05-03T11:08:08 IST" duration-ms="131187">
    <groups>
    </groups>
    <test started-at="2024-05-03T11:05:56 IST" name="Default test" finished-at="2024-05-03T11:08:08 IST" duration-ms="131187">
      <class name="beakAIOps.ScriptModuleTestCases.TC06DeleteGlobalLevelScript">
        <test-method is-config="true" signature="setUp()[pri:0, instance:beakAIOps.ScriptModuleTestCases.TC06DeleteGlobalLevelScript@229f66ed]" started-at="2024-05-03T11:05:56 IST" name="setUp" finished-at="2024-05-03T11:06:33 IST" duration-ms="37086" status="PASS">
          <reporter-output>
          </reporter-output>
        </test-method> <!-- setUp -->
        <test-method signature="deleteGlobalLevlScripT()[pri:0, instance:beakAIOps.ScriptModuleTestCases.TC06DeleteGlobalLevelScript@229f66ed]" started-at="2024-05-03T11:06:33 IST" name="deleteGlobalLevlScripT" finished-at="2024-05-03T11:08:07 IST" duration-ms="93744" status="PASS">
          <reporter-output>
          </reporter-output>
        </test-method> <!-- deleteGlobalLevlScripT -->
        <test-method is-config="true" signature="tearDown()[pri:0, instance:beakAIOps.ScriptModuleTestCases.TC06DeleteGlobalLevelScript@229f66ed]" started-at="2024-05-03T11:08:07 IST" name="tearDown" finished-at="2024-05-03T11:08:08 IST" duration-ms="333" status="PASS">
          <reporter-output>
          </reporter-output>
        </test-method> <!-- tearDown -->
      </class> <!-- beakAIOps.ScriptModuleTestCases.TC06DeleteGlobalLevelScript -->
    </test> <!-- Default test -->
  </suite> <!-- Default suite -->
</testng-results>
